<?xml version="1.0" encoding="UTF-8"?>
<!-- Generated by org.testng.reporters.JUnitReportReporter -->
<testsuite hostname="Rajesh-PC" name="com.inNetbankingv1.test.Test_001" tests="1" failures="0" timestamp="25 Feb 2020 07:04:54 GMT" time="10.198" errors="0">
  <testcase name="f" time="10.198" classname="com.inNetbankingv1.test.Test_001"/>
</testsuite> <!-- com.inNetbankingv1.test.Test_001 -->
